
Model: prem
Distance   Depth   Phase              Travel    Ray Param  Takeoff  Incident  Purist    Purist
  (deg)     (km)   Name               Time (s)  p (s/deg)   (deg)    (deg)   Distance   Name 
----------------------------------------------------------------------------------------------
   64.90   604.9   P                   580.22     6.243     39.10    19.01    64.90   = P               
   64.90   604.9   PcP                 606.87     4.158     24.84    12.53    64.90   = PcP             
   64.90   604.9   pP                  698.55     6.785    -43.27    20.73    64.90   = pP              
   64.90   604.9   pPcP                738.81     4.066    -24.25    12.24    64.90   = pPcP            
   64.90   604.9   S                  1055.91    11.859     40.58    19.96    64.90   = S               
   64.90   604.9   SKS                1115.69     7.504     24.30    12.47    64.90   = SKS             
   64.90   604.9   SKKS               1115.73     7.525     24.38    12.51    64.90   = SKKS            
   64.90   604.9   ScS                1116.36     7.762     25.20    12.91    64.90   = ScS             
   64.90   604.9   sS                 1269.97    12.753    -44.39    21.53    64.90   = sS              
   64.90   604.9   SS                 1325.41    15.274     56.90    26.08    64.90   = SS              
   64.90   604.9   sSKKS              1357.56     7.530    -24.40    12.52    64.90   = sSKKS           
   64.90   604.9   sSKS               1357.56     7.529    -24.39    12.51    64.90   = sSKS            
   64.90   604.9   sScS               1357.60     7.576    -24.55    12.59    64.90   = sScS            
   64.90   604.9   sSS                1509.63    15.586    -58.74    26.65    64.90   = sSS             
   64.90   604.9   SSS                1528.04    16.117     62.13    27.63    64.90   = SSS             
   64.90   604.9   sSS                1538.16    18.177    -85.53    31.54    64.90   = sSS             
   64.90   604.9   SSS                1538.20    18.224     88.27    31.63    64.90   = SSS             
   64.90   604.9   sSS                1539.52    17.827    -77.90    30.87    64.90   = sSS             
   64.90   604.9   SSS                1543.52    17.705     76.19    30.63    64.90   = SSS             
   64.90   604.9   sSSS               1699.30    16.694    -66.30    28.71    64.90   = sSSS            
   64.90   604.9   sSSS               1700.39    17.084    -69.56    29.45    64.90   = sSSS            
   64.90   604.9   SSSS               1708.13    16.724     66.54    28.77    64.90   = SSSS            
   64.90   604.9   SSSS               1708.31    16.871     67.72    29.05    64.90   = SSSS            
   64.90   604.9   ScSScS             1921.33     5.159     16.44     8.54    64.90   = ScSScS          
   64.90   604.9   sScSScS            2171.51     4.996    -15.90     8.27    64.90   = sScSScS         
   64.90   604.9   ScSScSScS          2800.95     3.662     11.59     6.05    64.90   = ScSScSScS       
   64.90   604.9   sScSScSScS         3054.50     3.568    -11.29     5.89    64.90   = sScSScSScS      
   64.90   604.9   ScSScSScSScS       3706.87     2.808      8.86     4.63    64.90   = ScSScSScSScS    
   64.90   604.9   sScSScSScSScS      3961.80     2.750     -8.67     4.54    64.90   = sScSScSScSScS   
   64.90   604.9   SSS                4406.24     8.560     28.00    14.26   295.10   = SSS             
   64.90   604.9   ScSScSScS          4407.37     8.356     27.28    13.92   295.10   = ScSScSScS       
   64.90   604.9   ScSScSScSScSScS    4624.30     2.268      7.15     3.74    64.90   = ScSScSScSScSScS 
   64.90   604.9   sSSS               4643.25     8.631    -28.26    14.38   295.10   = sSSS            
   64.90   604.9   sScSScSScS         4645.56     8.352    -27.26    13.91   295.10   = sScSScSScS      
   64.90   604.9   sScSScSScSScSScS   4879.93     2.230     -7.02     3.68    64.90   = sScSScSScSScSScS
   64.90   604.9   SSSS               4961.77    11.143     37.67    18.70   295.10   = SSSS            
   64.90   604.9   ScSScSScSScS       5105.98     8.011     26.07    13.33   295.10   = ScSScSScSScS    
   64.90   604.9   sSSSS              5183.52    11.349    -38.50    19.06   295.10   = sSSSS           
   64.90   604.9   SSSSS              5343.06    12.862     44.87    21.72   295.10   = SSSSS           
   64.90   604.9   sScSScSScSScS      5345.79     7.979    -25.95    13.27   295.10   = sScSScSScSScS   
   64.90   604.9   sSSSSS             5551.79    13.056    -45.73    22.07   295.10   = sSSSSS          
   64.90   604.9   SSSSSS             5640.55    13.942     49.88    23.66   295.10   = SSSSSS          
   64.90   604.9   sSSSSSS            5839.70    14.113    -50.72    23.96   295.10   = sSSSSSS         
   64.90   604.9   ScSScSScSScSScS    5841.55     7.403     23.95    12.30   295.10   = ScSScSScSScSScS 
   64.90   604.9   sScSScSScSScSScS   6084.04     7.357    -23.80    12.22   295.10   = sScSScSScSScSScS
   64.90   604.9   SSSSS              6817.79     9.800     32.51    16.38   424.90   = SSSSS           
   64.90   604.9   ScSScSScSScSScS    6868.60     8.247     26.89    13.73   424.90   = ScSScSScSScSScS 
   64.90   604.9   sSSSSS             7048.06     9.944    -33.05    16.63   424.90   = sSSSSS          
   64.90   604.9   sScSScSScSScSScS   7107.33     8.233    -26.84    13.71   424.90   = sScSScSScSScSScS
   64.90   604.9   SSSSSS             7296.87    11.526     39.21    19.37   424.90   = SSSSSS          
   64.90   604.9   sSSSSSS            7516.16    11.668    -39.79    19.62   424.90   = sSSSSSS         

